[0m19:13:11.696423 [debug] [MainThread]: Sending event: {'category': 'dbt', 'action': 'invocation', 'label': 'start', 'context': [<snowplow_tracker.self_describing_json.SelfDescribingJson object at 0x0000020659E45190>, <snowplow_tracker.self_describing_json.SelfDescribingJson object at 0x0000020659E44A10>, <snowplow_tracker.self_describing_json.SelfDescribingJson object at 0x0000020659E44FD0>]}


============================== 19:13:11.709866 | 03292850-1722-4485-bd07-a98bd8ee17c0 ==============================
[0m19:13:11.709866 [info ] [MainThread]: Running with dbt=1.11.2
[0m19:13:11.711860 [debug] [MainThread]: running dbt with arguments {'static_parser': 'True', 'no_print': 'None', 'version_check': 'True', 'warn_error_options': 'WarnErrorOptionsV2(error=[], warn=[], silence=[])', 'target_path': 'None', 'printer_width': '80', 'write_json': 'True', 'introspect': 'True', 'log_cache_events': 'False', 'empty': 'None', 'cache_selected_only': 'False', 'fail_fast': 'False', 'debug': 'False', 'log_format': 'default', 'profiles_dir': 'C:\\Users\\hanif\\.dbt', 'send_anonymous_usage_stats': 'True', 'quiet': 'False', 'warn_error': 'None', 'partial_parse': 'True', 'use_colors': 'True', 'invocation_command': 'dbt init medical_warehouse', 'indirect_selection': 'eager', 'use_experimental_parser': 'False', 'log_path': 'logs'}
[0m19:13:11.794905 [debug] [MainThread]: Starter project path: C:\Users\hanif\Desktop\10Academy\Shipping-a-Data-Product-From-Raw-Telegram-Data-to-an-Analytical-API\env\Lib\site-packages\dbt\include\starter_project
[0m19:13:11.986936 [info ] [MainThread]: 
Your new dbt project "medical_warehouse" was created!

For more information on how to configure the profiles.yml file,
please consult the dbt documentation here:

  https://docs.getdbt.com/docs/configure-your-profile

One more thing:

Need help? Don't hesitate to reach out to us via GitHub issues or on Slack:

  https://community.getdbt.com/

Happy modeling!

[0m19:13:11.989676 [info ] [MainThread]: Setting up your profile.
[0m19:32:02.016994 [info ] [MainThread]: Profile medical_warehouse written to C:\Users\hanif\.dbt\profiles.yml using target's profile_template.yml and your supplied values. Run 'dbt debug' to validate the connection.
[0m19:32:02.020521 [debug] [MainThread]: Command `dbt init` succeeded at 19:32:02.020521 after 1130.53 seconds
[0m19:32:02.022524 [debug] [MainThread]: Sending event: {'category': 'dbt', 'action': 'invocation', 'label': 'end', 'context': [<snowplow_tracker.self_describing_json.SelfDescribingJson object at 0x000002065322A250>, <snowplow_tracker.self_describing_json.SelfDescribingJson object at 0x000002065326EF90>, <snowplow_tracker.self_describing_json.SelfDescribingJson object at 0x0000020659E29150>]}
[0m19:32:02.024542 [debug] [MainThread]: Flushing usage events
[0m19:32:02.965212 [debug] [MainThread]: An error was encountered while trying to flush usage events
[0m19:32:17.081425 [debug] [MainThread]: Sending event: {'category': 'dbt', 'action': 'invocation', 'label': 'start', 'context': [<snowplow_tracker.self_describing_json.SelfDescribingJson object at 0x000002653AEA2D50>, <snowplow_tracker.self_describing_json.SelfDescribingJson object at 0x0000026539FD5B10>, <snowplow_tracker.self_describing_json.SelfDescribingJson object at 0x000002653AEA3550>]}


============================== 19:32:17.091596 | 7da08b58-ceea-464f-bc1a-b1f18ec97b2a ==============================
[0m19:32:17.091596 [info ] [MainThread]: Running with dbt=1.11.2
[0m19:32:17.094112 [debug] [MainThread]: running dbt with arguments {'static_parser': 'True', 'no_print': 'None', 'version_check': 'True', 'warn_error_options': 'WarnErrorOptionsV2(error=[], warn=[], silence=[])', 'target_path': 'None', 'printer_width': '80', 'write_json': 'True', 'introspect': 'True', 'log_cache_events': 'False', 'empty': 'None', 'cache_selected_only': 'False', 'log_format': 'default', 'debug': 'False', 'fail_fast': 'False', 'partial_parse': 'True', 'send_anonymous_usage_stats': 'True', 'quiet': 'False', 'warn_error': 'None', 'profiles_dir': 'C:\\Users\\hanif\\.dbt', 'use_colors': 'True', 'indirect_selection': 'eager', 'invocation_command': 'dbt debug', 'use_experimental_parser': 'False', 'log_path': 'logs'}
[0m19:32:17.156382 [info ] [MainThread]: dbt version: 1.11.2
[0m19:32:17.157386 [info ] [MainThread]: python version: 3.11.4
[0m19:32:17.160003 [info ] [MainThread]: python path: C:\Users\hanif\Desktop\10Academy\Shipping-a-Data-Product-From-Raw-Telegram-Data-to-an-Analytical-API\env\Scripts\python.exe
[0m19:32:17.163013 [info ] [MainThread]: os info: Windows-10-10.0.26100-SP0
[0m19:32:17.181673 [info ] [MainThread]: Error importing adapter: No module named 'dbt.adapters.snowflake'
[0m19:32:17.195326 [info ] [MainThread]: Error importing adapter: No module named 'dbt.adapters.sqlserver'
[0m19:32:17.203942 [info ] [MainThread]: Error importing adapter: No module named 'dbt.adapters.sqlserver'
[0m19:32:17.214150 [info ] [MainThread]: Error importing adapter: No module named 'dbt.adapters.snowflake'
[0m19:32:17.227287 [info ] [MainThread]: Error importing adapter: No module named 'dbt.adapters.dremio'
[0m19:32:17.235362 [info ] [MainThread]: Error importing adapter: No module named 'dbt.adapters.sqlserver'
[0m19:32:17.243173 [info ] [MainThread]: Error importing adapter: No module named 'dbt.adapters.snowflake'
[0m19:32:17.375291 [info ] [MainThread]: Error importing adapter: No module named 'dbt.adapters.sqlserver'
[0m19:32:17.383811 [info ] [MainThread]: Error importing adapter: No module named 'dbt.adapters.snowflake'
[0m19:32:17.386213 [info ] [MainThread]: Using profiles dir at C:\Users\hanif\.dbt
[0m19:32:17.388213 [info ] [MainThread]: Using profiles.yml file at C:\Users\hanif\.dbt\profiles.yml
[0m19:32:17.389212 [info ] [MainThread]: Using dbt_project.yml file at C:\Users\hanif\Desktop\10Academy\Shipping-a-Data-Product-From-Raw-Telegram-Data-to-an-Analytical-API\dbt_project.yml
[0m19:32:17.392224 [info ] [MainThread]: Configuration:
[0m19:32:17.393201 [info ] [MainThread]:   profiles.yml file [[31mERROR invalid[0m]
[0m19:32:17.394855 [info ] [MainThread]:   dbt_project.yml file [[31mERROR not found[0m]
[0m19:32:17.396952 [info ] [MainThread]: Required dependencies:
[0m19:32:17.399297 [debug] [MainThread]: Executing "git --help"
[0m19:32:17.505313 [debug] [MainThread]: STDOUT: "b"usage: git [-v | --version] [-h | --help] [-C <path>] [-c <name>=<value>]\n           [--exec-path[=<path>]] [--html-path] [--man-path] [--info-path]\n           [-p | --paginate | -P | --no-pager] [--no-replace-objects] [--bare]\n           [--git-dir=<path>] [--work-tree=<path>] [--namespace=<name>]\n           [--config-env=<name>=<envvar>] <command> [<args>]\n\nThese are common Git commands used in various situations:\n\nstart a working area (see also: git help tutorial)\n   clone     Clone a repository into a new directory\n   init      Create an empty Git repository or reinitialize an existing one\n\nwork on the current change (see also: git help everyday)\n   add       Add file contents to the index\n   mv        Move or rename a file, a directory, or a symlink\n   restore   Restore working tree files\n   rm        Remove files from the working tree and from the index\n\nexamine the history and state (see also: git help revisions)\n   bisect    Use binary search to find the commit that introduced a bug\n   diff      Show changes between commits, commit and working tree, etc\n   grep      Print lines matching a pattern\n   log       Show commit logs\n   show      Show various types of objects\n   status    Show the working tree status\n\ngrow, mark and tweak your common history\n   branch    List, create, or delete branches\n   commit    Record changes to the repository\n   merge     Join two or more development histories together\n   rebase    Reapply commits on top of another base tip\n   reset     Reset current HEAD to the specified state\n   switch    Switch branches\n   tag       Create, list, delete or verify a tag object signed with GPG\n\ncollaborate (see also: git help workflows)\n   fetch     Download objects and refs from another repository\n   pull      Fetch from and integrate with another repository or a local branch\n   push      Update remote refs along with associated objects\n\n'git help -a' and 'git help -g' list available subcommands and some\nconcept guides. See 'git help <command>' or 'git help <concept>'\nto read about a specific subcommand or concept.\nSee 'git help git' for an overview of the system.\n""
[0m19:32:17.506801 [debug] [MainThread]: STDERR: "b''"
[0m19:32:17.509088 [info ] [MainThread]:  - git [[32mOK found[0m]

[0m19:32:17.510773 [info ] [MainThread]: Connection test skipped since no profile was found
[0m19:32:17.512180 [info ] [MainThread]: [31m2 checks failed:[0m
[0m19:32:17.513680 [info ] [MainThread]: Could not load dbt_project.yml
Profile loading failed for the following reason:
Runtime Error
  Credentials in profile "Netflix", target "dev" invalid: Runtime Error
    Could not find adapter type snowflake!

Runtime Error
  Credentials in profile "bank", target "dev" invalid: Runtime Error
    Could not find adapter type sqlserver!

Runtime Error
  Credentials in profile "c360", target "dev" invalid: Runtime Error
    Could not find adapter type sqlserver!

Runtime Error
  Credentials in profile "dbtJanPro", target "dev" invalid: Runtime Error
    Could not find adapter type snowflake!

Runtime Error
  Credentials in profile "dbt_dremio", target "dev" invalid: Runtime Error
    Could not find adapter type dremio!

Runtime Error
  Credentials in profile "fraud", target "dev" invalid: Runtime Error
    Could not find adapter type sqlserver!

Runtime Error
  Credentials in profile "jaffle_shop", target "dev" invalid: Runtime Error
    Could not find adapter type snowflake!

Runtime Error
  Credentials in profile "sqlserver", target "dev" invalid: Runtime Error
    Could not find adapter type sqlserver!

Runtime Error
  Credentials in profile "tpch_data_modeling", target "dev" invalid: Runtime Error
    Could not find adapter type snowflake!


[0m19:32:17.516051 [info ] [MainThread]: Project loading failed for the following reason:
 project path <C:\Users\hanif\Desktop\10Academy\Shipping-a-Data-Product-From-Raw-Telegram-Data-to-an-Analytical-API\dbt_project.yml> not found

[0m19:32:17.520836 [debug] [MainThread]: Command `dbt debug` failed at 19:32:17.519831 after 0.67 seconds
[0m19:32:17.522839 [debug] [MainThread]: Sending event: {'category': 'dbt', 'action': 'invocation', 'label': 'end', 'context': [<snowplow_tracker.self_describing_json.SelfDescribingJson object at 0x000002653AC41290>, <snowplow_tracker.self_describing_json.SelfDescribingJson object at 0x000002653AC41190>, <snowplow_tracker.self_describing_json.SelfDescribingJson object at 0x00000265343FD4D0>]}
[0m19:32:17.524353 [debug] [MainThread]: Flushing usage events
[0m19:32:18.509171 [debug] [MainThread]: An error was encountered while trying to flush usage events
